<?xml version="1.0" encoding="UTF-8"?>
<coverage generated="1696874937899" clover="3.2.0">
  <project timestamp="1696874937899" name="All files">
    <metrics statements="30" coveredstatements="30" conditionals="15" coveredconditionals="15" methods="3" coveredmethods="3" elements="48" coveredelements="48" complexity="0" loc="30" ncloc="30" packages="1" files="1" classes="1"/>
    <file name="fizzbuzz.js" path="C:\Users\GL553\Desktop\fizzbuzz\fizzbuzz.js">
      <metrics statements="30" coveredstatements="30" conditionals="15" coveredconditionals="15" methods="3" coveredmethods="3"/>
      <line num="1" count="22" type="cond" truecount="1" falsecount="0"/>
      <line num="2" count="22" type="cond" truecount="1" falsecount="0"/>
      <line num="3" count="1" type="stmt"/>
      <line num="4" count="1" type="cond" truecount="1" falsecount="0"/>
      <line num="5" count="21" type="stmt"/>
      <line num="6" count="21" type="cond" truecount="1" falsecount="0"/>
      <line num="7" count="22" type="cond" truecount="1" falsecount="0"/>
      <line num="8" count="1" type="stmt"/>
      <line num="9" count="1" type="cond" truecount="1" falsecount="0"/>
      <line num="10" count="22" type="cond" truecount="2" falsecount="0"/>
      <line num="11" count="2" type="stmt"/>
      <line num="12" count="2" type="cond" truecount="1" falsecount="0"/>
      <line num="13" count="22" type="cond" truecount="1" falsecount="0"/>
      <line num="14" count="5" type="stmt"/>
      <line num="15" count="5" type="cond" truecount="1" falsecount="0"/>
      <line num="16" count="22" type="cond" truecount="1" falsecount="0"/>
      <line num="17" count="3" type="stmt"/>
      <line num="18" count="3" type="cond" truecount="1" falsecount="0"/>
      <line num="19" count="10" type="stmt"/>
      <line num="20" count="10" type="stmt"/>
      <line num="21" count="1" type="stmt"/>
      <line num="22" count="1" type="cond" truecount="1" falsecount="0"/>
      <line num="23" count="1" type="cond" truecount="1" falsecount="0"/>
      <line num="24" count="17" type="stmt"/>
      <line num="25" count="17" type="stmt"/>
      <line num="26" count="1" type="stmt"/>
      <line num="27" count="1" type="stmt"/>
      <line num="28" count="1" type="stmt"/>
      <line num="29" count="1" type="stmt"/>
      <line num="30" count="1" type="stmt"/>
    </file>
  </project>
</coverage>
