{"C:\\Users\\GL553\\Desktop\\fizzbuzz\\fizzbuzz.js": {"path":"C:\\Users\\GL553\\Desktop\\fizzbuzz\\fizzbuzz.js","all":false,"statementMap":{"0":{"start":{"line":1,"column":0},"end":{"line":1,"column":24}},"1":{"start":{"line":2,"column":0},"end":{"line":2,"column":32}},"2":{"start":{"line":3,"column":0},"end":{"line":3,"column":50}},"3":{"start":{"line":4,"column":0},"end":{"line":4,"column":3}},"4":{"start":{"line":5,"column":0},"end":{"line":5,"column":0}},"5":{"start":{"line":6,"column":0},"end":{"line":6,"column":58}},"6":{"start":{"line":7,"column":0},"end":{"line":7,"column":18}},"7":{"start":{"line":8,"column":0},"end":{"line":8,"column":13}},"8":{"start":{"line":9,"column":0},"end":{"line":9,"column":3}},"9":{"start":{"line":10,"column":0},"end":{"line":10,"column":47}},"10":{"start":{"line":11,"column":0},"end":{"line":11,"column":22}},"11":{"start":{"line":12,"column":0},"end":{"line":12,"column":3}},"12":{"start":{"line":13,"column":0},"end":{"line":13,"column":26}},"13":{"start":{"line":14,"column":0},"end":{"line":14,"column":18}},"14":{"start":{"line":15,"column":0},"end":{"line":15,"column":3}},"15":{"start":{"line":16,"column":0},"end":{"line":16,"column":26}},"16":{"start":{"line":17,"column":0},"end":{"line":17,"column":18}},"17":{"start":{"line":18,"column":0},"end":{"line":18,"column":3}},"18":{"start":{"line":19,"column":0},"end":{"line":19,"column":13}},"19":{"start":{"line":20,"column":0},"end":{"line":20,"column":1}},"20":{"start":{"line":21,"column":0},"end":{"line":21,"column":0}},"21":{"start":{"line":22,"column":0},"end":{"line":22,"column":21}},"22":{"start":{"line":23,"column":0},"end":{"line":23,"column":34}},"23":{"start":{"line":24,"column":0},"end":{"line":24,"column":40}},"24":{"start":{"line":25,"column":0},"end":{"line":25,"column":3}},"25":{"start":{"line":26,"column":0},"end":{"line":26,"column":1}},"26":{"start":{"line":27,"column":0},"end":{"line":27,"column":0}},"27":{"start":{"line":28,"column":0},"end":{"line":28,"column":10}},"28":{"start":{"line":29,"column":0},"end":{"line":29,"column":0}},"29":{"start":{"line":30,"column":0},"end":{"line":30,"column":26}}},"s":{"0":22,"1":22,"2":1,"3":1,"4":21,"5":21,"6":22,"7":1,"8":1,"9":22,"10":2,"11":2,"12":22,"13":5,"14":5,"15":22,"16":3,"17":3,"18":10,"19":10,"20":1,"21":1,"22":1,"23":17,"24":17,"25":1,"26":1,"27":1,"28":1,"29":1},"branchMap":{"0":{"type":"branch","line":1,"loc":{"start":{"line":1,"column":0},"end":{"line":20,"column":1}},"locations":[{"start":{"line":1,"column":0},"end":{"line":20,"column":1}}]},"1":{"type":"branch","line":2,"loc":{"start":{"line":2,"column":31},"end":{"line":4,"column":3}},"locations":[{"start":{"line":2,"column":31},"end":{"line":4,"column":3}}]},"2":{"type":"branch","line":4,"loc":{"start":{"line":4,"column":2},"end":{"line":7,"column":17}},"locations":[{"start":{"line":4,"column":2},"end":{"line":7,"column":17}}]},"3":{"type":"branch","line":7,"loc":{"start":{"line":7,"column":17},"end":{"line":9,"column":3}},"locations":[{"start":{"line":7,"column":17},"end":{"line":9,"column":3}}]},"4":{"type":"branch","line":9,"loc":{"start":{"line":9,"column":2},"end":{"line":10,"column":27}},"locations":[{"start":{"line":9,"column":2},"end":{"line":10,"column":27}}]},"5":{"type":"branch","line":10,"loc":{"start":{"line":10,"column":23},"end":{"line":10,"column":44}},"locations":[{"start":{"line":10,"column":23},"end":{"line":10,"column":44}}]},"6":{"type":"branch","line":10,"loc":{"start":{"line":10,"column":46},"end":{"line":12,"column":3}},"locations":[{"start":{"line":10,"column":46},"end":{"line":12,"column":3}}]},"7":{"type":"branch","line":12,"loc":{"start":{"line":12,"column":2},"end":{"line":13,"column":25}},"locations":[{"start":{"line":12,"column":2},"end":{"line":13,"column":25}}]},"8":{"type":"branch","line":13,"loc":{"start":{"line":13,"column":25},"end":{"line":15,"column":3}},"locations":[{"start":{"line":13,"column":25},"end":{"line":15,"column":3}}]},"9":{"type":"branch","line":15,"loc":{"start":{"line":15,"column":2},"end":{"line":16,"column":25}},"locations":[{"start":{"line":15,"column":2},"end":{"line":16,"column":25}}]},"10":{"type":"branch","line":16,"loc":{"start":{"line":16,"column":25},"end":{"line":18,"column":3}},"locations":[{"start":{"line":16,"column":25},"end":{"line":18,"column":3}}]},"11":{"type":"branch","line":18,"loc":{"start":{"line":18,"column":2},"end":{"line":20,"column":1}},"locations":[{"start":{"line":18,"column":2},"end":{"line":20,"column":1}}]},"12":{"type":"branch","line":6,"loc":{"start":{"line":6,"column":20},"end":{"line":6,"column":57}},"locations":[{"start":{"line":6,"column":20},"end":{"line":6,"column":57}}]},"13":{"type":"branch","line":22,"loc":{"start":{"line":22,"column":0},"end":{"line":26,"column":1}},"locations":[{"start":{"line":22,"column":0},"end":{"line":26,"column":1}}]},"14":{"type":"branch","line":23,"loc":{"start":{"line":23,"column":33},"end":{"line":25,"column":3}},"locations":[{"start":{"line":23,"column":33},"end":{"line":25,"column":3}}]}},"b":{"0":[22],"1":[1],"2":[21],"3":[1],"4":[20],"5":[7],"6":[2],"7":[18],"8":[5],"9":[13],"10":[3],"11":[10],"12":[58],"13":[1],"14":[17]},"fnMap":{"0":{"name":"fizzBuzz","decl":{"start":{"line":1,"column":0},"end":{"line":20,"column":1}},"loc":{"start":{"line":1,"column":0},"end":{"line":20,"column":1}},"line":1},"1":{"name":"divisible","decl":{"start":{"line":6,"column":20},"end":{"line":6,"column":57}},"loc":{"start":{"line":6,"column":20},"end":{"line":6,"column":57}},"line":6},"2":{"name":"print","decl":{"start":{"line":22,"column":0},"end":{"line":26,"column":1}},"loc":{"start":{"line":22,"column":0},"end":{"line":26,"column":1}},"line":22}},"f":{"0":22,"1":58,"2":1}}
}
