TN:
SF:fizzbuzz.js
FN:1,fizzBuzz
FN:6,divisible
FN:22,print
FNF:3
FNH:3
FNDA:22,fizzBuzz
FNDA:58,divisible
FNDA:1,print
DA:1,22
DA:2,22
DA:3,1
DA:4,1
DA:5,21
DA:6,21
DA:7,22
DA:8,1
DA:9,1
DA:10,22
DA:11,2
DA:12,2
DA:13,22
DA:14,5
DA:15,5
DA:16,22
DA:17,3
DA:18,3
DA:19,10
DA:20,10
DA:21,1
DA:22,1
DA:23,1
DA:24,17
DA:25,17
DA:26,1
DA:27,1
DA:28,1
DA:29,1
DA:30,1
LF:30
LH:30
BRDA:1,0,0,22
BRDA:2,1,0,1
BRDA:4,2,0,21
BRDA:7,3,0,1
BRDA:9,4,0,20
BRDA:10,5,0,7
BRDA:10,6,0,2
BRDA:12,7,0,18
BRDA:13,8,0,5
BRDA:15,9,0,13
BRDA:16,10,0,3
BRDA:18,11,0,10
BRDA:6,12,0,58
BRDA:22,13,0,1
BRDA:23,14,0,17
BRF:15
BRH:15
end_of_record
